<?xml version="1.0" encoding="UTF-8"?>
<!-- Generated by org.testng.reporters.JUnitReportReporter -->
<testsuite hostname="DESKTOP-SBUL904" failures="0" tests="2" name="org.example.AppTest" time="5.016" errors="0" timestamp="2023-04-07T10:21:36 IST" skipped="0">
  <testcase classname="org.example.AppTest" name="login" time="2.512"/>
  <system-out/>
  <testcase classname="org.example.AppTest" name="login" time="2.504"/>
  <system-out/>
</testsuite> <!-- org.example.AppTest -->
